Arguments: 
  /Users/zhengweijie/.nvm/versions/node/v6.11.0/bin/node /Users/zhengweijie/.nvm/versions/node/v6.11.0/bin/yarn

PATH: 
  /Users/zhengweijie/.nvm/versions/node/v6.11.0/bin:/usr/local/bin:/usr/bin:/bin:/usr/sbin:/sbin

Yarn version: 
  0.24.5

Node version: 
  6.11.0

Platform: 
  darwin x64

npm manifest: 
  {
    "name": "music",
    "version": "1.0.0",
    "description": "A Vue.js project",
    "author": "zhengweijie <1669514253@qq.com>",
    "private": true,
    "scripts": {
      "dev": "node build/dev-server.js",
      "start": "node build/dev-server.js",
      "build": "node build/build.js",
      "lint": "eslint --ext .js,.vue src"
    },
    "dependencies": {
      "vue": "^2.3.3",
      "vue-router": "^2.6.0"
    },
    "devDependencies": {
      "autoprefixer": "^7.1.2",
      "babel-core": "^6.22.1",
      "babel-eslint": "^7.1.1",
      "babel-loader": "^7.1.1",
      "babel-plugin-transform-runtime": "^6.22.0",
      "babel-preset-env": "^1.3.2",
      "babel-preset-stage-2": "^6.22.0",
      "babel-register": "^6.22.0",
      "chalk": "^2.0.1",
      "connect-history-api-fallback": "^1.3.0",
      "copy-webpack-plugin": "^4.0.1",
      "css-loader": "^0.28.0",
      "cssnano": "^3.10.0",
      "eslint": "^3.19.0",
      "eslint-friendly-formatter": "^3.0.0",
      "eslint-loader": "^1.7.1",
      "eslint-plugin-html": "^3.0.0",
      "eslint-config-standard": "^6.2.1",
      "eslint-plugin-promise": "^3.4.0",
      "eslint-plugin-standard": "^2.0.1",
      "eventsource-polyfill": "^0.9.6",
      "express": "^4.14.1",
      "extract-text-webpack-plugin": "^2.0.0",
      "file-loader": "^0.11.1",
      "friendly-errors-webpack-plugin": "^1.1.3",
      "html-webpack-plugin": "^2.28.0",
      "http-proxy-middleware": "^0.17.3",
      "webpack-bundle-analyzer": "^2.2.1",
      "semver": "^5.3.0",
      "shelljs": "^0.7.6",
      "opn": "^5.1.0",
      "optimize-css-assets-webpack-plugin": "^2.0.0",
      "ora": "^1.2.0",
      "rimraf": "^2.6.0",
      "url-loader": "^0.5.8",
      "vue-loader": "^12.1.0",
      "vue-style-loader": "^3.0.1",
      "vue-template-compiler": "^2.3.3",
      "webpack": "^2.6.1",
      "webpack-dev-middleware": "^1.10.0",
      "webpack-hot-middleware": "^2.18.0",
      "webpack-merge": "^4.1.0"
    },
    "engines": {
      "node": ">= 4.0.0",
      "npm": ">= 3.0.0"
    },
    "browserslist": [
      "> 1%",
      "last 2 versions",
      "not ie <= 8"
    ]
  }

yarn manifest: 
  No manifest

Lockfile: 
  No lockfile

Trace: 
  Error: http://registry.npm.taobao.org/babel-loader/download/babel-loader-7.1.1.tgz: Request failed "502 Bad Gateway"
      at Request.handleRequestError (/Users/zhengweijie/.nvm/versions/node/v6.11.0/lib/node_modules/yarn/lib/fetchers/tarball-fetcher.js:200:20)
      at emitOne (events.js:96:13)
      at Request.emit (events.js:188:7)
      at Request.onRequestResponse (/Users/zhengweijie/.nvm/versions/node/v6.11.0/lib/node_modules/yarn/node_modules/request/request.js:1074:10)
      at emitOne (events.js:96:13)
      at ClientRequest.emit (events.js:188:7)
      at HTTPParser.parserOnIncomingClient (_http_client.js:473:21)
      at HTTPParser.parserOnHeadersComplete (_http_common.js:99:23)
      at Socket.socketOnData (_http_client.js:362:20)
      at emitOne (events.js:96:13)
      at Socket.emit (events.js:188:7)
